action: bootstrap, msg: envreport
cwd: /home/mark/Research/AST-workflow/AdaptiveStressTestingToolbox/AdaptiveStressTestingToolbox/AdaptiveStressTestingToolbox
cmd: /home/mark/Research/AST-workflow/AdaptiveStressTestingToolbox/AdaptiveStressTestingToolbox/AdaptiveStressTestingToolbox/.tox/bootstrap/bin/python -m pip freeze
appdirs==1.4.4
ast-toolbox==2020.6.1.dev1
configparser2==4.0.0
distlib==0.3.0
filelock==3.0.12
importlib-metadata==1.6.0
importlib-resources==1.5.0
Jinja2==2.11.2
MarkupSafe==1.1.1
matrix==2.0.1
packaging==20.3
pluggy==0.13.1
py==1.8.1
pyparsing==2.4.7
six==1.14.0
toml==0.10.1
tox==3.15.0
virtualenv==20.0.20
zipp==3.1.0
