action: bootstrap, msg: getenv
cwd: /home/mark/Research/AST-workflow/AdaptiveStressTestingToolbox/AdaptiveStressTestingToolbox/AdaptiveStressTestingToolbox
cmd: /home/mark/Research/AST-workflow/AdaptiveStressTestingToolbox/AdaptiveStressTestingToolbox/AdaptiveStressTestingToolbox/.tox/bootstrap/bin/python -m pip install jinja2 matrix tox
Collecting jinja2
  Using cached Jinja2-2.11.2-py2.py3-none-any.whl (125 kB)
Collecting matrix
  Using cached matrix-2.0.1-py2.py3-none-any.whl (8.2 kB)
Collecting tox
  Using cached tox-3.15.0-py2.py3-none-any.whl (82 kB)
Collecting MarkupSafe>=0.23
  Using cached MarkupSafe-1.1.1-cp36-cp36m-manylinux1_x86_64.whl (27 kB)
Processing /home/mark/.cache/pip/wheels/46/55/57/68b2406533d24b04595b5821a9fb47c0016a3d9a2f2a081d05/configparser2-4.0.0-py3-none-any.whl
Collecting py<2,>=1.4.17
  Using cached py-1.8.1-py2.py3-none-any.whl (83 kB)
Collecting virtualenv!=20.0.0,!=20.0.1,!=20.0.2,!=20.0.3,!=20.0.4,!=20.0.5,!=20.0.6,!=20.0.7,>=16.0.0
  Using cached virtualenv-20.0.20-py2.py3-none-any.whl (4.7 MB)
Collecting filelock<4,>=3.0.0
  Using cached filelock-3.0.12-py3-none-any.whl (7.6 kB)
Collecting packaging>=14
  Using cached packaging-20.3-py2.py3-none-any.whl (37 kB)
Collecting six<2,>=1.14.0
  Using cached six-1.14.0-py2.py3-none-any.whl (10 kB)
Collecting pluggy<1,>=0.12.0
  Using cached pluggy-0.13.1-py2.py3-none-any.whl (18 kB)
Collecting importlib-metadata<2,>=0.12; python_version < "3.8"
  Using cached importlib_metadata-1.6.0-py2.py3-none-any.whl (30 kB)
Collecting toml>=0.9.4
  Using cached toml-0.10.1-py2.py3-none-any.whl (19 kB)
Collecting appdirs<2,>=1.4.3
  Using cached appdirs-1.4.4-py2.py3-none-any.whl (9.6 kB)
Processing /home/mark/.cache/pip/wheels/6e/e8/db/c73dae4867666e89ba3cfbc4b5c092446f0e584eda6f409cbb/distlib-0.3.0-cp36-none-any.whl
Collecting importlib-resources<2,>=1.0; python_version < "3.7"
  Using cached importlib_resources-1.5.0-py2.py3-none-any.whl (21 kB)
Collecting pyparsing>=2.0.2
  Using cached pyparsing-2.4.7-py2.py3-none-any.whl (67 kB)
Collecting zipp>=0.5
  Using cached zipp-3.1.0-py3-none-any.whl (4.9 kB)
Installing collected packages: MarkupSafe, jinja2, configparser2, matrix, py, filelock, six, appdirs, distlib, zipp, importlib-metadata, importlib-resources, virtualenv, pyparsing, packaging, pluggy, toml, tox
Successfully installed MarkupSafe-1.1.1 appdirs-1.4.4 configparser2-4.0.0 distlib-0.3.0 filelock-3.0.12 importlib-metadata-1.6.0 importlib-resources-1.5.0 jinja2-2.11.2 matrix-2.0.1 packaging-20.3 pluggy-0.13.1 py-1.8.1 pyparsing-2.4.7 six-1.14.0 toml-0.10.1 tox-3.15.0 virtualenv-20.0.20 zipp-3.1.0
